<?xml version="1.0" encoding="UTF-8"?>
<testng-results ignored="0" total="1" passed="1" failed="0" skipped="0">
  <reporter-output>
  </reporter-output>
  <suite started-at="2023-10-22T05:53:43Z" name="Default suite" finished-at="2023-10-22T05:53:48Z" duration-ms="4692">
    <groups>
    </groups>
    <test started-at="2023-10-22T05:53:43Z" name="Default test" finished-at="2023-10-22T05:53:48Z" duration-ms="4692">
      <class name="test.CartPageTest">
        <test-method is-config="true" signature="setup()[pri:0, instance:test.CartPageTest@6b88ca8c]" started-at="2023-10-22T01:53:37Z" name="setup" finished-at="2023-10-22T01:53:43Z" duration-ms="5921" status="PASS">
          <reporter-output>
          </reporter-output>
        </test-method> <!-- setup -->
        <test-method signature="cartpagetest(java.lang.String, java.lang.String)[pri:0, instance:test.CartPageTest@6b88ca8c]" started-at="2023-10-22T01:53:43Z" name="cartpagetest" data-provider="swaglab" finished-at="2023-10-22T01:53:48Z" duration-ms="4062" status="PASS">
          <params>
            <param index="0">
              <value>
                <![CDATA[standard_user]]>
              </value>
            </param>
            <param index="1">
              <value>
                <![CDATA[secret_sauce]]>
              </value>
            </param>
          </params>
          <reporter-output>
          </reporter-output>
        </test-method> <!-- cartpagetest -->
        <test-method is-config="true" signature="teardown()[pri:0, instance:test.CartPageTest@6b88ca8c]" started-at="2023-10-22T01:53:48Z" name="teardown" finished-at="2023-10-22T01:53:48Z" duration-ms="84" status="PASS">
          <reporter-output>
          </reporter-output>
        </test-method> <!-- teardown -->
      </class> <!-- test.CartPageTest -->
    </test> <!-- Default test -->
  </suite> <!-- Default suite -->
</testng-results>
